<?xml version="1.0" encoding="UTF-8"?>
<testng-results skipped="0" failed="0" ignored="0" total="1" passed="1">
  <reporter-output>
  </reporter-output>
  <suite name="Default suite" duration-ms="10804" started-at="2019-02-21T09:29:10Z" finished-at="2019-02-21T09:29:21Z">
    <groups>
      <group name="Sanity">
        <method signature="LoginTest11.log__in()[pri:0, instance:Sanity.LoginTest11@523884b2]" name="log__in" class="Sanity.LoginTest11"/>
      </group> <!-- Sanity -->
    </groups>
    <test name="Default test" duration-ms="10804" started-at="2019-02-21T09:29:10Z" finished-at="2019-02-21T09:29:21Z">
      <class name="Sanity.LoginTest11">
        <test-method status="PASS" signature="setupDriver(org.testng.ITestContext)[pri:0, instance:Sanity.LoginTest11@523884b2]" name="setupDriver" is-config="true" duration-ms="1141" started-at="2019-02-21T09:29:10Z" finished-at="2019-02-21T09:29:11Z">
          <params>
            <param index="0">
              <value>
                <![CDATA[org.testng.TestRunner@1b66c0fb]]>
              </value>
            </param>
          </params>
          <reporter-output>
          </reporter-output>
        </test-method> <!-- setupDriver -->
        <test-method status="PASS" signature="log__in()[pri:0, instance:Sanity.LoginTest11@523884b2]" name="log__in" duration-ms="9592" started-at="2019-02-21T09:29:11Z" description="the script should perform a login by giving the Email, Pass, and click the login button" finished-at="2019-02-21T09:29:21Z">
          <reporter-output>
          </reporter-output>
        </test-method> <!-- log__in -->
        <test-method status="PASS" signature="quitDriver()[pri:0, instance:Sanity.LoginTest11@523884b2]" name="quitDriver" is-config="true" duration-ms="60" started-at="2019-02-21T09:29:21Z" finished-at="2019-02-21T09:29:21Z">
          <reporter-output>
          </reporter-output>
        </test-method> <!-- quitDriver -->
      </class> <!-- Sanity.LoginTest11 -->
    </test> <!-- Default test -->
  </suite> <!-- Default suite -->
</testng-results>
