<?xml version="1.0" encoding="UTF-8"?>
<!-- Generated by org.testng.reporters.JUnitXMLReporter -->
<testsuite hostname="DESKTOP-KMFJ2QA" ignored="0" name="book-flight-1" tests="5" failures="0" timestamp="19 Feb 2019 19:49:07 GMT" time="8.18" errors="0">
  <testcase name="registrationPage" time="2.738" classname="com.newtours.tests.BookFlightTest"/>
  <testcase name="registrationConfirmationPage" time="0.659" classname="com.newtours.tests.BookFlightTest"/>
  <testcase name="flightDetailsPage" time="0.732" classname="com.newtours.tests.BookFlightTest"/>
  <testcase name="findFlightPage" time="1.919" classname="com.newtours.tests.BookFlightTest"/>
  <testcase name="flightConfirmationPage" time="1.059" classname="com.newtours.tests.BookFlightTest"/>
</testsuite> <!-- book-flight-1 -->
