<?xml version="1.0" encoding="UTF-8"?>
<!-- Generated by org.testng.reporters.JUnitXMLReporter -->
<testsuite hostname="DESKTOP-KMFJ2QA" ignored="0" name="book-flight-3" tests="5" failures="0" timestamp="19 Feb 2019 19:49:22 GMT" time="7.47" errors="0">
  <testcase name="registrationPage" time="2.563" classname="com.newtours.tests.BookFlightTest"/>
  <testcase name="registrationConfirmationPage" time="0.843" classname="com.newtours.tests.BookFlightTest"/>
  <testcase name="flightDetailsPage" time="0.743" classname="com.newtours.tests.BookFlightTest"/>
  <testcase name="findFlightPage" time="1.842" classname="com.newtours.tests.BookFlightTest"/>
  <testcase name="flightConfirmationPage" time="1.006" classname="com.newtours.tests.BookFlightTest"/>
</testsuite> <!-- book-flight-3 -->
